\BOOKMARK [-1][-]{part.1}{I Proyecto}{}% 1
\BOOKMARK [0][-]{chapter.1}{Problema}{part.1}% 2
\BOOKMARK [1][-]{section.1.1}{Introducci\363n}{chapter.1}% 3
\BOOKMARK [1][-]{section.1.2}{Objetivos}{chapter.1}% 4
\BOOKMARK [2][-]{subsection.1.2.1}{General}{section.1.2}% 5
\BOOKMARK [2][-]{subsection.1.2.2}{Espec\355ficos}{section.1.2}% 6
\BOOKMARK [1][-]{section.1.3}{Productos a obtener}{chapter.1}% 7
\BOOKMARK [1][-]{section.1.4}{Alcances y limitaciones}{chapter.1}% 8
\BOOKMARK [-1][-]{part.2}{II UML}{}% 9
\BOOKMARK [0][-]{chapter.2}{An\341lisis}{part.2}% 10
\BOOKMARK [1][-]{section.2.1}{Analisis de Viabilidad}{chapter.2}% 11
\BOOKMARK [2][-]{subsection.2.1.1}{Tecnica}{section.2.1}% 12
\BOOKMARK [2][-]{subsection.2.1.2}{Economica}{section.2.1}% 13
\BOOKMARK [1][-]{section.2.2}{Analisis de Requerimientos}{chapter.2}% 14
\BOOKMARK [2][-]{subsection.2.2.1}{Funcionales}{section.2.2}% 15
\BOOKMARK [1][-]{section.2.3}{Datos}{chapter.2}% 16
\BOOKMARK [2][-]{subsection.2.3.1}{Definici\363n espacial del \341rea de estudio}{section.2.3}% 17
\BOOKMARK [2][-]{subsection.2.3.2}{Datos necesarios}{section.2.3}% 18
\BOOKMARK [2][-]{subsection.2.3.3}{Fuentes de los datos}{section.2.3}% 19
\BOOKMARK [0][-]{chapter.3}{Dise\361o}{part.2}% 20
\BOOKMARK [1][-]{section.3.1}{Casos de uso}{chapter.3}% 21
\BOOKMARK [1][-]{section.3.2}{Diagramas de frecuencia}{chapter.3}% 22
\BOOKMARK [-1][-]{part.3}{III Conclusiones}{}% 23
\BOOKMARK [0][-]{chapter.4}{Conlusiones}{part.3}% 24
